#
# A fatal error has been detected by the Java Runtime Environment:
#
#  SIGSEGV (0xb) at pc=0x00007fb2b9a1fff6, pid=15678, tid=0x00007fb2ba1da700
#
# JRE version: OpenJDK Runtime Environment (8.0_212-b03) (build 1.8.0_212-8u212-b03-0ubuntu1.18.04.1-b03)
# Java VM: OpenJDK 64-Bit Server VM (25.212-b03 mixed mode linux-amd64 compressed oops)
# Problematic frame:
# C  [libc.so.6+0x42ff6]
#
# Failed to write core dump. Core dumps have been disabled. To enable core dumping, try "ulimit -c unlimited" before starting Java again
#
# If you would like to submit a bug report, please visit:
#   http://bugreport.java.com/bugreport/crash.jsp
# The crash happened outside the Java Virtual Machine in native code.
# See problematic frame for where to report the bug.
#

---------------  T H R E A D  ---------------

Current thread (0x00007fb2b000b800):  JavaThread "main" [_thread_in_native, id=15679, stack(0x00007fb2ba0db000,0x00007fb2ba1db000)]

siginfo: si_signo: 11 (SIGSEGV), si_code: 128 (SI_KERNEL), si_addr: 0x0000000000000000

Registers:
RAX=0x00107601780037a0, RBX=0x0000000000000001, RCX=0x0000000000000000, RDX=0x00007fb27800007f
RSP=0x00007fb2ba1d8310, RBP=0x0000000000000001, RSI=0x0000000000000001, RDI=0x00007fb1f3ea9760
R8 =0x0000000000000000, R9 =0x0000000000000080, R10=0x000000000000001a, R11=0x00007fb2b93abff0
R12=0x00007fb2b9dc8718, R13=0x000000000000005f, R14=0x00007fb2b9dcd628, R15=0x00007fb2780027c0
RIP=0x00007fb2b9a1fff6, EFLAGS=0x0000000000010206, CSGSFS=0x002b000000000033, ERR=0x0000000000000000
  TRAPNO=0x000000000000000d

Top of Stack: (sp=0x00007fb2ba1d8310)
0x00007fb2ba1d8310:   0000000000000000 00000001b0360880
0x00007fb2ba1d8320:   00007fb2ba1d8390 00007fb2b035e510
0x00007fb2ba1d8330:   0000000000000000 00007fb2b15f7cd0
0x00007fb2ba1d8340:   00007fb2ba1d8390 00007fb2b0360880
0x00007fb2ba1d8350:   00007fb2b035e510 00007fb2b9a2013a
0x00007fb2ba1d8360:   0000000000000071 00007fb2569ad9a8
0x00007fb2ba1d8370:   00007fb2b15f7cd0 00007fb2569aba81
0x00007fb2ba1d8380:   00007fb2ba1d8410 0000000000000000
0x00007fb2ba1d8390:   0000000000000000 fa655be281b33700
0x00007fb2ba1d83a0:   00000000b000b800 00007fb2ba1d84f0
0x00007fb2ba1d83b0:   00007fb2ba1d84e8 00007fb2ba1d84dc
0x00007fb2ba1d83c0:   00007fb2ba1d84e0 00007fb2b035e510
0x00007fb2ba1d83d0:   00000000000001df 00007fb256991435
0x00007fb2ba1d83e0:   00007fb2ba1d8410 000000000000016f
0x00007fb2ba1d83f0:   0000000000000000 7fffffffffffffff
0x00007fb2ba1d8400:   00000000b06f0888 00007fb2ba1d84f8
0x00007fb2ba1d8410:   0000000000000003 00007fb27c1ad4a9
0x00007fb2ba1d8420:   00007fb2b07a6720 00007fb27c1ac9ac
0x00007fb2ba1d8430:   000000006d4a0000 0000000000000000
0x00007fb2ba1d8440:   0000000000000000 0000000000000000
0x00007fb2ba1d8450:   00007fb27d3d73e2 fa655be281b33700
0x00007fb2ba1d8460:   0000000000000001 00007fb2b0379230
0x00007fb2ba1d8470:   00007fb2b0377000 00007fb2b0377000
0x00007fb2ba1d8480:   0000000000000073 00007fb2b0379230
0x00007fb2ba1d8490:   0000000003200116 00007fb27d39b70a
0x00007fb2ba1d84a0:   0000000000000021 00007fb2ba1d84e0
0x00007fb2ba1d84b0:   00007fb2ba1d84dc 00007fb2ba1d84e8
0x00007fb2ba1d84c0:   00007fb2ba1d84f0 00007fb2ba1d84f8
0x00007fb2ba1d84d0:   00007fb2b000c050 00000000b000c090
0x00007fb2ba1d84e0:   0000000000000000 0000000000000000
0x00007fb2ba1d84f0:   0000000000000000 0000000000000000
0x00007fb2ba1d8500:   000000005d0666cc 0000000000071ad5 

Instructions: (pc=0x00007fb2b9a1fff6)
0x00007fb2b9a1ffd6:   49 8d 3e 48 81 ec 80 00 00 00 e8 db d6 0e 00 48
0x00007fb2b9a1ffe6:   81 c4 80 00 00 00 48 89 d0 48 c1 e0 05 4c 01 f8
0x00007fb2b9a1fff6:   48 8b 50 10 48 83 fa 03 0f 85 3c ff ff ff 48 8b
0x00007fb2b9a20006:   40 18 48 c1 c8 11 64 48 33 04 25 30 00 00 00 ff 

Register to memory mapping:

RAX=0x00107601780037a0 is an unknown value
RBX=0x0000000000000001 is an unknown value
RCX=0x0000000000000000 is an unknown value
RDX=0x00007fb27800007f is an unknown value
RSP=0x00007fb2ba1d8310 is pointing into the stack for thread: 0x00007fb2b000b800
RBP=0x0000000000000001 is an unknown value
RSI=0x0000000000000001 is an unknown value
RDI=0x00007fb1f3ea9760: <offset 0xc54760> in /home/oanaucs/.eclipse/org.eclipse.platform_4.4.1_1119168579_linux_gtk_x86_64/configuration/org.eclipse.osgi/12/0/.cp/libvp_linux_x86_64.so at 0x00007fb1f3255000
R8 =0x0000000000000000 is an unknown value
R9 =0x0000000000000080 is an unknown value
R10=0x000000000000001a is an unknown value
R11=0x00007fb2b93abff0: pthread_key_delete+0 in /lib/x86_64-linux-gnu/libpthread.so.0 at 0x00007fb2b939d000
R12=0x00007fb2b9dc8718: <offset 0x3eb718> in /lib/x86_64-linux-gnu/libc.so.6 at 0x00007fb2b99dd000
R13=0x000000000000005f is an unknown value
R14=0x00007fb2b9dcd628: <offset 0x3f0628> in /lib/x86_64-linux-gnu/libc.so.6 at 0x00007fb2b99dd000
R15=0x00007fb2780027c0 is an unknown value


Stack: [0x00007fb2ba0db000,0x00007fb2ba1db000],  sp=0x00007fb2ba1d8310,  free space=1012k
Native frames: (J=compiled Java code, j=interpreted, Vv=VM code, C=native code)
C  [libc.so.6+0x42ff6]

Java frames: (J=compiled Java code, j=interpreted, Vv=VM code)
J 1464  org.eclipse.swt.internal.gtk.OS._g_main_context_iteration(JZ)Z (0 bytes) @ 0x00007fb2a15e3944 [0x00007fb2a15e3900+0x44]
J 5050 C2 org.eclipse.swt.widgets.Display.readAndDispatch()Z (71 bytes) @ 0x00007fb2a1ebf788 [0x00007fb2a1ebf560+0x228]
j  org.eclipse.e4.ui.internal.workbench.swt.PartRenderingEngine$9.run()V+638
j  org.eclipse.core.databinding.observable.Realm.runWithDefault(Lorg/eclipse/core/databinding/observable/Realm;Ljava/lang/Runnable;)V+12
j  org.eclipse.e4.ui.internal.workbench.swt.PartRenderingEngine.run(Lorg/eclipse/e4/ui/model/application/MApplicationElement;Lorg/eclipse/e4/core/contexts/IEclipseContext;)Ljava/lang/Object;+57
j  org.eclipse.e4.ui.internal.workbench.E4Workbench.createAndRunUI(Lorg/eclipse/e4/ui/model/application/MApplicationElement;)V+20
j  org.eclipse.ui.internal.Workbench$5.run()V+310
j  org.eclipse.core.databinding.observable.Realm.runWithDefault(Lorg/eclipse/core/databinding/observable/Realm;Ljava/lang/Runnable;)V+12
j  org.eclipse.ui.internal.Workbench.createAndRunWorkbench(Lorg/eclipse/swt/widgets/Display;Lorg/eclipse/ui/application/WorkbenchAdvisor;)I+18
j  org.eclipse.ui.PlatformUI.createAndRunWorkbench(Lorg/eclipse/swt/widgets/Display;Lorg/eclipse/ui/application/WorkbenchAdvisor;)I+2
j  com.nvidia.viper.application.Application.start(Lorg/eclipse/equinox/app/IApplicationContext;)Ljava/lang/Object;+191
j  org.eclipse.equinox.internal.app.EclipseAppHandle.run(Ljava/lang/Object;)Ljava/lang/Object;+135
j  org.eclipse.core.runtime.internal.adaptor.EclipseAppLauncher.runApplication(Ljava/lang/Object;)Ljava/lang/Object;+85
j  org.eclipse.core.runtime.internal.adaptor.EclipseAppLauncher.start(Ljava/lang/Object;)Ljava/lang/Object;+82
j  org.eclipse.core.runtime.adaptor.EclipseStarter.run(Ljava/lang/Object;)Ljava/lang/Object;+109
j  org.eclipse.core.runtime.adaptor.EclipseStarter.run([Ljava/lang/String;Ljava/lang/Runnable;)Ljava/lang/Object;+132
v  ~StubRoutines::call_stub
j  sun.reflect.NativeMethodAccessorImpl.invoke0(Ljava/lang/reflect/Method;Ljava/lang/Object;[Ljava/lang/Object;)Ljava/lang/Object;+0
j  sun.reflect.NativeMethodAccessorImpl.invoke(Ljava/lang/Object;[Ljava/lang/Object;)Ljava/lang/Object;+100
j  sun.reflect.DelegatingMethodAccessorImpl.invoke(Ljava/lang/Object;[Ljava/lang/Object;)Ljava/lang/Object;+6
j  java.lang.reflect.Method.invoke(Ljava/lang/Object;[Ljava/lang/Object;)Ljava/lang/Object;+56
j  org.eclipse.equinox.launcher.Main.invokeFramework([Ljava/lang/String;[Ljava/net/URL;)V+211
j  org.eclipse.equinox.launcher.Main.basicRun([Ljava/lang/String;)V+160
j  org.eclipse.equinox.launcher.Main.run([Ljava/lang/String;)I+4
j  org.eclipse.equinox.launcher.Main.main([Ljava/lang/String;)V+10
v  ~StubRoutines::call_stub

---------------  P R O C E S S  ---------------

Java Threads: ( => current thread )
  0x00007fb204022000 JavaThread "XToolkt-Shutdown-Thread" [_thread_in_native, id=18694, stack(0x00007fb223bfe000,0x00007fb223cff000)]
  0x00007fb268002000 JavaThread "SIGHUP handler" daemon [_thread_blocked, id=18693, stack(0x00007fb21a0f6000,0x00007fb21a1f7000)]
  0x00007fb268001000 JavaThread "SIGHUP handler" daemon [_thread_blocked, id=18692, stack(0x00007fb2238f9000,0x00007fb2239fa000)]
  0x00007fb1e0033800 JavaThread "Worker-19" [_thread_blocked, id=18102, stack(0x00007fb2222df000,0x00007fb2223e0000)]
  0x00007fb204022800 JavaThread "Worker-18" [_thread_blocked, id=17954, stack(0x00007fb223afd000,0x00007fb223bfe000)]
  0x00007fb1d82b2800 JavaThread "Thread-7" daemon [_thread_blocked, id=15827, stack(0x00007fb1e8089000,0x00007fb1e818a000)]
  0x00007fb2b20ec000 JavaThread "AWT-XAWT" daemon [_thread_blocked, id=15825, stack(0x00007fb1e9691000,0x00007fb1e9792000)]
  0x00007fb2b20c4000 JavaThread "Java2D Disposer" daemon [_thread_blocked, id=15824, stack(0x00007fb2180d4000,0x00007fb2181d5000)]
  0x00007fb23800b800 JavaThread "[ThreadPool Manager] - Idle Thread" daemon [_thread_blocked, id=15779, stack(0x00007fb1eb7a0000,0x00007fb1eb8a1000)]
  0x00007fb21406f000 JavaThread "Bundle File Closer" daemon [_thread_blocked, id=15721, stack(0x00007fb219ff5000,0x00007fb21a0f6000)]
  0x00007fb2b16f2800 JavaThread "EventAdmin Async Event Dispatcher Thread" daemon [_thread_blocked, id=15715, stack(0x00007fb2223e0000,0x00007fb2224e1000)]
  0x00007fb2b06d9800 JavaThread "EMF Reference Cleaner" daemon [_thread_blocked, id=15705, stack(0x00007fb24ac19000,0x00007fb24ad1a000)]
  0x00007fb240117000 JavaThread "Worker-JM" [_thread_blocked, id=15703, stack(0x00007fb24ad1a000,0x00007fb24ae1b000)]
  0x00007fb234007800 JavaThread "[Timer] - Main Queue Handler" daemon [_thread_blocked, id=15702, stack(0x00007fb24b01b000,0x00007fb24b11c000)]
  0x00007fb2b05d1000 JavaThread "Start Level: Equinox Container: 60c4a2b0-3e90-0019-1a4b-c9ee6ea8d17f" daemon [_thread_blocked, id=15700, stack(0x00007fb24eace000,0x00007fb24ebcf000)]
  0x00007fb2b05d5000 JavaThread "Framework Event Dispatcher: Equinox Container: 60c4a2b0-3e90-0019-1a4b-c9ee6ea8d17f" daemon [_thread_blocked, id=15699, stack(0x00007fb24f27a000,0x00007fb24f37b000)]
  0x00007fb2b0525000 JavaThread "Active Thread: Equinox Container: 60c4a2b0-3e90-0019-1a4b-c9ee6ea8d17f" [_thread_blocked, id=15698, stack(0x00007fb25402c000,0x00007fb25412d000)]
  0x00007fb2b0225800 JavaThread "Service Thread" daemon [_thread_blocked, id=15696, stack(0x00007fb27d80a000,0x00007fb27d90b000)]
  0x00007fb2b0210800 JavaThread "C1 CompilerThread3" daemon [_thread_blocked, id=15695, stack(0x00007fb27d90c000,0x00007fb27da0c000)]
  0x00007fb2b020e000 JavaThread "C2 CompilerThread2" daemon [_thread_blocked, id=15694, stack(0x00007fb27da0d000,0x00007fb27db0d000)]
  0x00007fb2b020c800 JavaThread "C2 CompilerThread1" daemon [_thread_blocked, id=15693, stack(0x00007fb27db0e000,0x00007fb27dc0e000)]
  0x00007fb2b0209800 JavaThread "C2 CompilerThread0" daemon [_thread_blocked, id=15692, stack(0x00007fb27dc0f000,0x00007fb27dd0f000)]
  0x00007fb2b0208000 JavaThread "Signal Dispatcher" daemon [_thread_blocked, id=15691, stack(0x00007fb27dd0f000,0x00007fb27de10000)]
  0x00007fb2b01d4800 JavaThread "Finalizer" daemon [_thread_blocked, id=15690, stack(0x00007fb2a00f1000,0x00007fb2a01f2000)]
  0x00007fb2b01d2000 JavaThread "Reference Handler" daemon [_thread_blocked, id=15689, stack(0x00007fb2a01f2000,0x00007fb2a02f3000)]
=>0x00007fb2b000b800 JavaThread "main" [_thread_in_native, id=15679, stack(0x00007fb2ba0db000,0x00007fb2ba1db000)]

Other Threads:
  0x00007fb2b01c8800 VMThread [stack: 0x00007fb2a02f4000,0x00007fb2a03f4000] [id=15688]
  0x00007fb2b0228000 WatcherThread [stack: 0x00007fb27d70a000,0x00007fb27d80a000] [id=15697]

VM state:not at safepoint (normal execution)

VM Mutex/Monitor currently owned by a thread: None

heap address: 0x00000000c2800000, size: 984 MB, Compressed Oops mode: 32-bit
Narrow klass base: 0x0000000000000000, Narrow klass shift: 3
Compressed class space size: 1073741824 Address: 0x0000000100000000

Heap:
 PSYoungGen      total 264192K, used 28321K [0x00000000eb800000, 0x00000000ffa00000, 0x0000000100000000)
  eden space 204800K, 11% used [0x00000000eb800000,0x00000000ece235f8,0x00000000f8000000)
  from space 59392K, 9% used [0x00000000fc000000,0x00000000fc585150,0x00000000ffa00000)
  to   space 62464K, 0% used [0x00000000f8000000,0x00000000f8000000,0x00000000fbd00000)
 ParOldGen       total 406528K, used 268628K [0x00000000c2800000, 0x00000000db500000, 0x00000000eb800000)
  object space 406528K, 66% used [0x00000000c2800000,0x00000000d2e550f0,0x00000000db500000)
 Metaspace       used 85871K, capacity 91952K, committed 92416K, reserved 1130496K
  class space    used 9984K, capacity 11899K, committed 12032K, reserved 1048576K

Card table byte_map: [0x00007fb2b6495000,0x00007fb2b6682000] byte_map_base: 0x00007fb2b5e81000

Marking Bits: (ParMarkBitMap*) 0x00007fb2b93803c0
 Begin Bits: [0x00007fb27e140000, 0x00007fb27f0a0000)
 End Bits:   [0x00007fb27f0a0000, 0x00007fb280000000)

Polling page: 0x00007fb2ba201000

CodeCache: size=245760Kb used=55234Kb max_used=55246Kb free=190525Kb
 bounds [0x00007fb2a1000000, 0x00007fb2a4650000, 0x00007fb2b0000000]
 total_blobs=16208 nmethods=15137 adapters=980
 compilation: enabled

Compilation events (10 events):
Event: 6987,931 Thread 0x00007fb2b020c800 nmethod 19043 0x00007fb2a46447d0 code [0x00007fb2a4644940, 0x00007fb2a4644b68]
Event: 6987,953 Thread 0x00007fb2b020e000 nmethod 19032 0x00007fb2a464b590 code [0x00007fb2a464b840, 0x00007fb2a464ce00]
Event: 7080,932 Thread 0x00007fb2b0210800 19044       3       java.util.concurrent.locks.AbstractQueuedSynchronizer$Node::predecessor (19 bytes)
Event: 7080,932 Thread 0x00007fb2b0210800 nmethod 19044 0x00007fb2a4644350 code [0x00007fb2a46444c0, 0x00007fb2a4644708]
Event: 7080,932 Thread 0x00007fb2b0210800 19045       3       java.util.concurrent.atomic.AtomicLong::get (5 bytes)
Event: 7080,932 Thread 0x00007fb2b0210800 nmethod 19045 0x00007fb2a4644050 code [0x00007fb2a46441a0, 0x00007fb2a46442f0]
Event: 7140,932 Thread 0x00007fb2b0210800 19046       3       java.util.concurrent.locks.AbstractQueuedSynchronizer::compareAndSetTail (13 bytes)
Event: 7140,933 Thread 0x00007fb2b0210800 nmethod 19046 0x00007fb2a464b250 code [0x00007fb2a464b3a0, 0x00007fb2a464b530]
Event: 7166,380 Thread 0x00007fb2b0210800 19047   !   3       org.eclipse.swt.internal.gtk.OS::pango_attr_list_unref (30 bytes)
Event: 7166,380 Thread 0x00007fb2b0210800 nmethod 19047 0x00007fb2a464ad10 code [0x00007fb2a464aea0, 0x00007fb2a464b118]

GC Heap History (10 events):
Event: 1370,016 GC heap before
{Heap before GC invocations=452 (full 20):
 PSYoungGen      total 263168K, used 198464K [0x00000000eb800000, 0x0000000100000000, 0x0000000100000000)
  eden space 190464K, 100% used [0x00000000eb800000,0x00000000f7200000,0x00000000f7200000)
  from space 72704K, 11% used [0x00000000f7200000,0x00000000f79d0000,0x00000000fb900000)
  to   space 70656K, 0% used [0x00000000fbb00000,0x00000000fbb00000,0x0000000100000000)
 ParOldGen       total 406528K, used 159055K [0x00000000c2800000, 0x00000000db500000, 0x00000000eb800000)
  object space 406528K, 39% used [0x00000000c2800000,0x00000000cc353db0,0x00000000db500000)
 Metaspace       used 85657K, capacity 91632K, committed 91904K, reserved 1128448K
  class space    used 9979K, capacity 11899K, committed 12032K, reserved 1048576K
Event: 1370,040 GC heap after
Heap after GC invocations=452 (full 20):
 PSYoungGen      total 258048K, used 45502K [0x00000000eb800000, 0x0000000100000000, 0x0000000100000000)
  eden space 187392K, 0% used [0x00000000eb800000,0x00000000eb800000,0x00000000f6f00000)
  from space 70656K, 64% used [0x00000000fbb00000,0x00000000fe76fb58,0x0000000100000000)
  to   space 74240K, 0% used [0x00000000f6f00000,0x00000000f6f00000,0x00000000fb780000)
 ParOldGen       total 406528K, used 166975K [0x00000000c2800000, 0x00000000db500000, 0x00000000eb800000)
  object space 406528K, 41% used [0x00000000c2800000,0x00000000ccb0fdb0,0x00000000db500000)
 Metaspace       used 85657K, capacity 91632K, committed 91904K, reserved 1128448K
  class space    used 9979K, capacity 11899K, committed 12032K, reserved 1048576K
}
Event: 1370,418 GC heap before
{Heap before GC invocations=453 (full 20):
 PSYoungGen      total 258048K, used 232894K [0x00000000eb800000, 0x0000000100000000, 0x0000000100000000)
  eden space 187392K, 100% used [0x00000000eb800000,0x00000000f6f00000,0x00000000f6f00000)
  from space 70656K, 64% used [0x00000000fbb00000,0x00000000fe76fb58,0x0000000100000000)
  to   space 74240K, 0% used [0x00000000f6f00000,0x00000000f6f00000,0x00000000fb780000)
 ParOldGen       total 406528K, used 166975K [0x00000000c2800000, 0x00000000db500000, 0x00000000eb800000)
  object space 406528K, 41% used [0x00000000c2800000,0x00000000ccb0fdb0,0x00000000db500000)
 Metaspace       used 85657K, capacity 91632K, committed 91904K, reserved 1128448K
  class space    used 9979K, capacity 11899K, committed 12032K, reserved 1048576K
Event: 1370,441 GC heap after
Heap after GC invocations=453 (full 20):
 PSYoungGen      total 261632K, used 7904K [0x00000000eb800000, 0x00000000fff80000, 0x0000000100000000)
  eden space 187392K, 0% used [0x00000000eb800000,0x00000000eb800000,0x00000000f6f00000)
  from space 74240K, 10% used [0x00000000f6f00000,0x00000000f76b8000,0x00000000fb780000)
  to   space 72192K, 0% used [0x00000000fb900000,0x00000000fb900000,0x00000000fff80000)
 ParOldGen       total 406528K, used 212551K [0x00000000c2800000, 0x00000000db500000, 0x00000000eb800000)
  object space 406528K, 52% used [0x00000000c2800000,0x00000000cf791f88,0x00000000db500000)
 Metaspace       used 85657K, capacity 91632K, committed 91904K, reserved 1128448K
  class space    used 9979K, capacity 11899K, committed 12032K, reserved 1048576K
}
Event: 1371,347 GC heap before
{Heap before GC invocations=454 (full 20):
 PSYoungGen      total 261632K, used 195296K [0x00000000eb800000, 0x00000000fff80000, 0x0000000100000000)
  eden space 187392K, 100% used [0x00000000eb800000,0x00000000f6f00000,0x00000000f6f00000)
  from space 74240K, 10% used [0x00000000f6f00000,0x00000000f76b8000,0x00000000fb780000)
  to   space 72192K, 0% used [0x00000000fb900000,0x00000000fb900000,0x00000000fff80000)
 ParOldGen       total 406528K, used 212551K [0x00000000c2800000, 0x00000000db500000, 0x00000000eb800000)
  object space 406528K, 52% used [0x00000000c2800000,0x00000000cf791f88,0x00000000db500000)
 Metaspace       used 85667K, capacity 91632K, committed 91904K, reserved 1128448K
  class space    used 9979K, capacity 11899K, committed 12032K, reserved 1048576K
Event: 1371,368 GC heap after
Heap after GC invocations=454 (full 20):
 PSYoungGen      total 250880K, used 23896K [0x00000000eb800000, 0x00000000ff500000, 0x0000000100000000)
  eden space 189440K, 0% used [0x00000000eb800000,0x00000000eb800000,0x00000000f7100000)
  from space 61440K, 38% used [0x00000000fb900000,0x00000000fd056128,0x00000000ff500000)
  to   space 67584K, 0% used [0x00000000f7100000,0x00000000f7100000,0x00000000fb300000)
 ParOldGen       total 406528K, used 220351K [0x00000000c2800000, 0x00000000db500000, 0x00000000eb800000)
  object space 406528K, 54% used [0x00000000c2800000,0x00000000cff2ff88,0x00000000db500000)
 Metaspace       used 85667K, capacity 91632K, committed 91904K, reserved 1128448K
  class space    used 9979K, capacity 11899K, committed 12032K, reserved 1048576K
}
Event: 1371,797 GC heap before
{Heap before GC invocations=455 (full 20):
 PSYoungGen      total 250880K, used 213336K [0x00000000eb800000, 0x00000000ff500000, 0x0000000100000000)
  eden space 189440K, 100% used [0x00000000eb800000,0x00000000f7100000,0x00000000f7100000)
  from space 61440K, 38% used [0x00000000fb900000,0x00000000fd056128,0x00000000ff500000)
  to   space 67584K, 0% used [0x00000000f7100000,0x00000000f7100000,0x00000000fb300000)
 ParOldGen       total 406528K, used 220351K [0x00000000c2800000, 0x00000000db500000, 0x00000000eb800000)
  object space 406528K, 54% used [0x00000000c2800000,0x00000000cff2ff88,0x00000000db500000)
 Metaspace       used 85667K, capacity 91632K, committed 91904K, reserved 1128448K
  class space    used 9979K, capacity 11899K, committed 12032K, reserved 1048576K
Event: 1371,817 GC heap after
Heap after GC invocations=455 (full 20):
 PSYoungGen      total 257024K, used 24480K [0x00000000eb800000, 0x00000000ffe00000, 0x0000000100000000)
  eden space 189440K, 0% used [0x00000000eb800000,0x00000000eb800000,0x00000000f7100000)
  from space 67584K, 36% used [0x00000000f7100000,0x00000000f88e8030,0x00000000fb300000)
  to   space 63488K, 0% used [0x00000000fc000000,0x00000000fc000000,0x00000000ffe00000)
 ParOldGen       total 406528K, used 244212K [0x00000000c2800000, 0x00000000db500000, 0x00000000eb800000)
  object space 406528K, 60% used [0x00000000c2800000,0x00000000d167d0c0,0x00000000db500000)
 Metaspace       used 85667K, capacity 91632K, committed 91904K, reserved 1128448K
  class space    used 9979K, capacity 11899K, committed 12032K, reserved 1048576K
}
Event: 5490,901 GC heap before
{Heap before GC invocations=456 (full 20):
 PSYoungGen      total 257024K, used 213920K [0x00000000eb800000, 0x00000000ffe00000, 0x0000000100000000)
  eden space 189440K, 100% used [0x00000000eb800000,0x00000000f7100000,0x00000000f7100000)
  from space 67584K, 36% used [0x00000000f7100000,0x00000000f88e8030,0x00000000fb300000)
  to   space 63488K, 0% used [0x00000000fc000000,0x00000000fc000000,0x00000000ffe00000)
 ParOldGen       total 406528K, used 244212K [0x00000000c2800000, 0x00000000db500000, 0x00000000eb800000)
  object space 406528K, 60% used [0x00000000c2800000,0x00000000d167d0c0,0x00000000db500000)
 Metaspace       used 85807K, capacity 91824K, committed 92160K, reserved 1130496K
  class space    used 9979K, capacity 11899K, committed 12032K, reserved 1048576K
Event: 5490,919 GC heap after
Heap after GC invocations=456 (full 20):
 PSYoungGen      total 264192K, used 5652K [0x00000000eb800000, 0x00000000ffa00000, 0x0000000100000000)
  eden space 204800K, 0% used [0x00000000eb800000,0x00000000eb800000,0x00000000f8000000)
  from space 59392K, 9% used [0x00000000fc000000,0x00000000fc585150,0x00000000ffa00000)
  to   space 62464K, 0% used [0x00000000f8000000,0x00000000f8000000,0x00000000fbd00000)
 ParOldGen       total 406528K, used 268628K [0x00000000c2800000, 0x00000000db500000, 0x00000000eb800000)
  object space 406528K, 66% used [0x00000000c2800000,0x00000000d2e550f0,0x00000000db500000)
 Metaspace       used 85807K, capacity 91824K, committed 92160K, reserved 1130496K
  class space    used 9979K, capacity 11899K, committed 12032K, reserved 1048576K
}

Deoptimization events (10 events):
Event: 1369,473 Thread 0x00007fb2b000b800 Uncommon trap: reason=unstable_if action=reinterpret pc=0x00007fb2a2291f68 method=org.eclipse.birt.chart.computation.DataSetIterator.next()Ljava/lang/Object; @ 170
Event: 1369,480 Thread 0x00007fb2b000b800 Uncommon trap: reason=unstable_if action=reinterpret pc=0x00007fb2a1bdad20 method=org.eclipse.birt.chart.script.ScriptHandler.callRegularJavaFunction(Ljava/lang/String;[Ljava/lang/Object;)Z @ 657
Event: 1369,480 Thread 0x00007fb2b000b800 Uncommon trap: reason=unstable_if action=reinterpret pc=0x00007fb2a2a1c1b8 method=org.eclipse.birt.chart.factory.RunTimeContext.notifyStructureChange(Ljava/lang/String;Ljava/lang/Object;)Z @ 4
Event: 1369,491 Thread 0x00007fb2b000b800 Uncommon trap: reason=class_check action=maybe_recompile pc=0x00007fb2a26089e0 method=org.eclipse.birt.chart.render.BaseRenderer.isInteractivityEnabled()Z @ 4
Event: 1369,491 Thread 0x00007fb2b000b800 Uncommon trap: reason=class_check action=maybe_recompile pc=0x00007fb2a26089e0 method=org.eclipse.birt.chart.render.BaseRenderer.isInteractivityEnabled()Z @ 4
Event: 1369,494 Thread 0x00007fb2b000b800 Uncommon trap: reason=class_check action=maybe_recompile pc=0x00007fb2a26089e0 method=org.eclipse.birt.chart.render.BaseRenderer.isInteractivityEnabled()Z @ 4
Event: 1369,494 Thread 0x00007fb2b000b800 Uncommon trap: reason=class_check action=maybe_recompile pc=0x00007fb2a26089e0 method=org.eclipse.birt.chart.render.BaseRenderer.isInteractivityEnabled()Z @ 4
Event: 1369,645 Thread 0x00007fb2b000b800 Uncommon trap: reason=unstable_if action=reinterpret pc=0x00007fb2a2416218 method=org.eclipse.swt.layout.GridLayout.layout(Lorg/eclipse/swt/widgets/Composite;ZIIIIZ)Lorg/eclipse/swt/graphics/Point; @ 2315
Event: 7167,761 Thread 0x00007fb204058000 Uncommon trap: reason=unstable_if action=reinterpret pc=0x00007fb2a2ac6064 method=java.io.BufferedOutputStream.flushBuffer()V @ 4
Event: 7167,861 Thread 0x00007fb2b20ec000 Uncommon trap: reason=unstable_if action=reinterpret pc=0x00007fb2a45c09f4 method=java.util.concurrent.locks.ReentrantLock$Sync.nonfairTryAcquire(I)Z @ 34

Classes redefined (0 events):
No events

Internal exceptions (10 events):
Event: 1246,013 Thread 0x00007fb23415c800 Exception <a 'com/nvidia/viper/jni/CuptiException': 1004> (0x00000000ed575be8) thrown at [/build/openjdk-8-fPix8r/openjdk-8-8u212-b03/src/hotspot/src/share/vm/prims/jni.cpp, line 736]
Event: 1248,754 Thread 0x00007fb2340a1800 Exception <a 'java/lang/InterruptedException'> (0x00000000eea4fe10) thrown at [/build/openjdk-8-fPix8r/openjdk-8-8u212-b03/src/hotspot/src/share/vm/runtime/objectMonitor.cpp, line 1684]
Event: 1248,806 Thread 0x00007fb2b2239800 Exception <a 'java/lang/InterruptedException': sleep interrupted> (0x00000000ef4837f8) thrown at [/build/openjdk-8-fPix8r/openjdk-8-8u212-b03/src/hotspot/src/share/vm/prims/jvm.cpp, line 3336]
Event: 1250,770 Thread 0x00007fb1e400a000 Exception <a 'java/lang/InterruptedException'> (0x00000000f025ee90) thrown at [/build/openjdk-8-fPix8r/openjdk-8-8u212-b03/src/hotspot/src/share/vm/runtime/objectMonitor.cpp, line 1684]
Event: 1250,838 Thread 0x00007fb2b1b8f000 Exception <a 'java/lang/InterruptedException': sleep interrupted> (0x00000000f07d0e38) thrown at [/build/openjdk-8-fPix8r/openjdk-8-8u212-b03/src/hotspot/src/share/vm/prims/jvm.cpp, line 3336]
Event: 1251,758 Thread 0x00007fb2b2396800 Exception <a 'java/lang/InterruptedException': sleep interrupted> (0x00000000f0e64328) thrown at [/build/openjdk-8-fPix8r/openjdk-8-8u212-b03/src/hotspot/src/share/vm/prims/jvm.cpp, line 3336]
Event: 1255,343 Thread 0x00007fb1e4009000 Exception <a 'java/lang/InterruptedException'> (0x00000000f1c3e1a0) thrown at [/build/openjdk-8-fPix8r/openjdk-8-8u212-b03/src/hotspot/src/share/vm/runtime/objectMonitor.cpp, line 1684]
Event: 1359,284 Thread 0x00007fb2b2210800 Exception <a 'java/lang/InterruptedException': sleep interrupted> (0x00000000ebe32270) thrown at [/build/openjdk-8-fPix8r/openjdk-8-8u212-b03/src/hotspot/src/share/vm/prims/jvm.cpp, line 3336]
Event: 1369,463 Thread 0x00007fb2b000b800 Implicit null exception at 0x00007fb2a2015800 to 0x00007fb2a2015c95
Event: 1369,480 Thread 0x00007fb2b000b800 Implicit null exception at 0x00007fb2a2a1c0ba to 0x00007fb2a2a1c1a1

Events (10 events):
Event: 7167,781 loading class java/awt/peer/SystemTrayPeer done
Event: 7167,781 loading class sun/awt/X11/XMSelectionListener
Event: 7167,781 loading class sun/awt/X11/XMSelectionListener done
Event: 7167,781 loading class sun/awt/X11/XSystemTrayPeer done
Event: 7167,789 Executing VM operation: RevokeBias
Event: 7167,790 Executing VM operation: RevokeBias done
Event: 7167,790 Thread 0x00007fb204058000 Thread exited: 0x00007fb204058000
Event: 7167,861 Thread 0x00007fb2b20ec000 Uncommon trap: trap_request=0xffffff65 fr.pc=0x00007fb2a45c09f4
Event: 7167,861 Thread 0x00007fb2b20ec000 DEOPT PACKING pc=0x00007fb2a45c09f4 sp=0x00007fb1e9790320
Event: 7167,861 Thread 0x00007fb2b20ec000 DEOPT UNPACKING pc=0x00007fb2a104547a sp=0x00007fb1e9790108 mode 2


Dynamic libraries:
c2800000-db500000 rw-p 00000000 00:00 0 
db500000-eb800000 ---p 00000000 00:00 0 
eb800000-ffa00000 rw-p 00000000 00:00 0 
ffa00000-100000000 ---p 00000000 00:00 0 
100000000-100bc0000 rw-p 00000000 00:00 0 
100bc0000-140000000 ---p 00000000 00:00 0 
200000000-300200000 ---p 00000000 00:00 0 
10000000000-10100000000 ---p 00000000 00:00 0 
5582fd1cb000-5582fd1cc000 r-xp 00000000 08:05 1054566                    /usr/lib/jvm/java-8-openjdk-amd64/jre/bin/java
5582fd3cb000-5582fd3cc000 r--p 00000000 08:05 1054566                    /usr/lib/jvm/java-8-openjdk-amd64/jre/bin/java
5582fd3cc000-5582fd3cd000 rw-p 00001000 08:05 1054566                    /usr/lib/jvm/java-8-openjdk-amd64/jre/bin/java
5582fedd2000-5582fedf3000 rw-p 00000000 00:00 0                          [heap]
7fb1ac000000-7fb1ac04d000 rw-p 00000000 00:00 0 
7fb1ac04d000-7fb1b0000000 ---p 00000000 00:00 0 
7fb1b4000000-7fb1b4066000 rw-p 00000000 00:00 0 
7fb1b4066000-7fb1b8000000 ---p 00000000 00:00 0 
7fb1bc000000-7fb1bc0bc000 rw-p 00000000 00:00 0 
7fb1bc0bc000-7fb1c0000000 ---p 00000000 00:00 0 
7fb1c0000000-7fb1c003e000 rw-p 00000000 00:00 0 
7fb1c003e000-7fb1c4000000 ---p 00000000 00:00 0 
7fb1c4000000-7fb1c409b000 rw-p 00000000 00:00 0 
7fb1c409b000-7fb1c8000000 ---p 00000000 00:00 0 
7fb1c8bf0000-7fb1c8bf1000 ---p 00000000 00:00 0 
7fb1c8bf1000-7fb1c93f1000 rwxp 00000000 00:00 0 
7fb1c93f1000-7fb1c93f2000 ---p 00000000 00:00 0 
7fb1c93f2000-7fb1c9bf2000 rwxp 00000000 00:00 0 
7fb1cbbf6000-7fb1cbdf6000 rw-p 00000000 00:00 0 
7fb1cbdf6000-7fb1cbdff000 r-xp 00000000 08:05 1054624                    /usr/lib/jvm/java-8-openjdk-amd64/jre/lib/amd64/libmanagement.so
7fb1cbdff000-7fb1cbffe000 ---p 00009000 08:05 1054624                    /usr/lib/jvm/java-8-openjdk-amd64/jre/lib/amd64/libmanagement.so
7fb1cbffe000-7fb1cbfff000 r--p 00008000 08:05 1054624                    /usr/lib/jvm/java-8-openjdk-amd64/jre/lib/amd64/libmanagement.so
7fb1cbfff000-7fb1cc000000 rw-p 00009000 08:05 1054624                    /usr/lib/jvm/java-8-openjdk-amd64/jre/lib/amd64/libmanagement.so
7fb1cc000000-7fb1cc079000 rw-p 00000000 00:00 0 
7fb1cc079000-7fb1d0000000 ---p 00000000 00:00 0 
7fb1d0000000-7fb1d0021000 rw-p 00000000 00:00 0 
7fb1d0021000-7fb1d4000000 ---p 00000000 00:00 0 
7fb1d4000000-7fb1d40ee000 rw-p 00000000 00:00 0 
7fb1d40ee000-7fb1d8000000 ---p 00000000 00:00 0 
7fb1d8000000-7fb1d880d000 rw-p 00000000 00:00 0 
7fb1d880d000-7fb1dc000000 ---p 00000000 00:00 0 
7fb1dc000000-7fb1dc071000 rw-p 00000000 00:00 0 
7fb1dc071000-7fb1e0000000 ---p 00000000 00:00 0 
7fb1e0000000-7fb1e0038000 rw-p 00000000 00:00 0 
7fb1e0038000-7fb1e4000000 ---p 00000000 00:00 0 
7fb1e4000000-7fb1e403e000 rw-p 00000000 00:00 0 
7fb1e403e000-7fb1e8000000 ---p 00000000 00:00 0 
7fb1e8089000-7fb1e808c000 ---p 00000000 00:00 0 
7fb1e808c000-7fb1e818a000 rwxp 00000000 00:00 0 
7fb1e818a000-7fb1e81a1000 r-xp 00000000 08:05 1052851                    /usr/lib/x86_64-linux-gnu/jni/libatk-wrapper.so.6.0.0
7fb1e81a1000-7fb1e83a1000 ---p 00017000 08:05 1052851                    /usr/lib/x86_64-linux-gnu/jni/libatk-wrapper.so.6.0.0
7fb1e83a1000-7fb1e83a2000 r--p 00017000 08:05 1052851                    /usr/lib/x86_64-linux-gnu/jni/libatk-wrapper.so.6.0.0
7fb1e83a2000-7fb1e83a3000 rw-p 00018000 08:05 1052851                    /usr/lib/x86_64-linux-gnu/jni/libatk-wrapper.so.6.0.0
7fb1e83a3000-7fb1e85a3000 rw-p 00000000 00:00 0 
7fb1e85a3000-7fb1e85a4000 ---p 00000000 00:00 0 
7fb1e85a4000-7fb1e8da4000 rwxp 00000000 00:00 0 
7fb1e9691000-7fb1e9694000 ---p 00000000 00:00 0 
7fb1e9694000-7fb1e9792000 rwxp 00000000 00:00 0 
7fb1e984d000-7fb1e9a4d000 rw-p 00000000 00:00 0 
7fb1e9a4d000-7fb1e9a56000 r--s 0005c000 08:05 3413390                    /usr/local/cuda-9.0/libnvvp/plugins/org.apache.batik.ext.awt_1.6.0.v201011041432.jar
7fb1e9a56000-7fb1e9a5b000 r--s 0002c000 08:05 3412780                    /usr/local/cuda-9.0/libnvvp/plugins/org.apache.batik.svggen_1.6.0.v201011041432.jar
7fb1e9a5b000-7fb1e9a60000 r--s 002f9000 08:05 1054645                    /usr/lib/jvm/java-8-openjdk-amd64/jre/lib/charsets.jar
7fb1ea556000-7fb1ea5d6000 rw-p 00000000 00:00 0 
7fb1ea5d6000-7fb1ea756000 ---p 00000000 00:00 0 
7fb1ea756000-7fb1ea956000 rw-p 00000000 00:00 0 
7fb1ea956000-7fb1ea9a5000 r-xp 00000000 08:05 1054608                    /usr/lib/jvm/java-8-openjdk-amd64/jre/lib/amd64/libfontmanager.so
7fb1ea9a5000-7fb1eaba5000 ---p 0004f000 08:05 1054608                    /usr/lib/jvm/java-8-openjdk-amd64/jre/lib/amd64/libfontmanager.so
7fb1eaba5000-7fb1eaba7000 r--p 0004f000 08:05 1054608                    /usr/lib/jvm/java-8-openjdk-amd64/jre/lib/amd64/libfontmanager.so
7fb1eaba7000-7fb1eaba8000 rw-p 00051000 08:05 1054608                    /usr/lib/jvm/java-8-openjdk-amd64/jre/lib/amd64/libfontmanager.so
7fb1eaba8000-7fb1eada8000 rw-p 00000000 00:00 0 
7fb1eada8000-7fb1eafa8000 rw-p 00000000 00:00 0 
7fb1eafa8000-7fb1eb061000 r--p 00000000 08:05 1966812                    /usr/share/fonts/truetype/dejavu/DejaVuSans.ttf
7fb1eb061000-7fb1eb261000 rw-p 00000000 00:00 0 
7fb1eb261000-7fb1eb461000 rw-p 00000000 00:00 0 
7fb1eb562000-7fb1eb762000 rw-p 00000000 00:00 0 
7fb1eb762000-7fb1eb7a0000 r--p 00000000 08:05 1969803                    /usr/share/fonts/truetype/dejavu/DejaVuSansMono-BoldOblique.ttf
7fb1eb7a0000-7fb1eb7a3000 ---p 00000000 00:00 0 
7fb1eb7a3000-7fb1eb8a1000 rwxp 00000000 00:00 0 
7fb1eb944000-7fb1eb99e000 r-xp 00000000 08:05 1054606                    /usr/lib/jvm/java-8-openjdk-amd64/jre/lib/amd64/libawt_xawt.so
7fb1eb99e000-7fb1ebb9e000 ---p 0005a000 08:05 1054606                    /usr/lib/jvm/java-8-openjdk-amd64/jre/lib/amd64/libawt_xawt.so
7fb1ebb9e000-7fb1ebb9f000 r--p 0005a000 08:05 1054606                    /usr/lib/jvm/java-8-openjdk-amd64/jre/lib/amd64/libawt_xawt.so
7fb1ebb9f000-7fb1ebba2000 rw-p 0005b000 08:05 1054606                    /usr/lib/jvm/java-8-openjdk-amd64/jre/lib/amd64/libawt_xawt.so
7fb1ebba2000-7fb1ebda4000 rw-p 00000000 00:00 0 
7fb1ebdd9000-7fb1ebe17000 r--p 00000000 08:05 1969804                    /usr/share/fonts/truetype/dejavu/DejaVuSansMono-Oblique.ttf
7fb1ebe17000-7fb1ebe69000 r--p 00000000 08:05 1966813                    /usr/share/fonts/truetype/dejavu/DejaVuSansMono-Bold.ttf
7fb1ebe69000-7fb1ec069000 rw-p 00000000 00:00 0 
7fb1ec069000-7fb1ec269000 rw-p 00000000 00:00 0 
7fb1ec269000-7fb1ec469000 rw-p 00000000 00:00 0 
7fb1ec469000-7fb1f2469000 ---p 00000000 00:00 0 
7fb1f2469000-7fb1f24a6000 r-xp 00000000 08:05 1049584                    /usr/lib/x86_64-linux-gnu/libnvidia-fatbinaryloader.so.390.116
7fb1f24a6000-7fb1f26a5000 ---p 0003d000 08:05 1049584                    /usr/lib/x86_64-linux-gnu/libnvidia-fatbinaryloader.so.390.116
7fb1f26a5000-7fb1f26b0000 rw-p 0003c000 08:05 1049584                    /usr/lib/x86_64-linux-gnu/libnvidia-fatbinaryloader.so.390.116
7fb1f26b0000-7fb1f26b5000 rw-p 00000000 00:00 0 
7fb1f26b5000-7fb1f2ef7000 r-xp 00000000 08:05 1049538                    /usr/lib/x86_64-linux-gnu/libcuda.so.390.116
7fb1f2ef7000-7fb1f30f6000 ---p 00842000 08:05 1049538                    /usr/lib/x86_64-linux-gnu/libcuda.so.390.116
7fb1f30f6000-7fb1f3247000 rw-p 00841000 08:05 1049538                    /usr/lib/x86_64-linux-gnu/libcuda.so.390.116
7fb1f3247000-7fb1f3255000 rw-p 00000000 00:00 0 
7fb1f3255000-7fb1f3b49000 r-xp 00000000 00:31 2655489                    /home/oanaucs/.eclipse/org.eclipse.platform_4.4.1_1119168579_linux_gtk_x86_64/configuration/org.eclipse.osgi/12/0/.cp/libvp_linux_x86_64.so
7fb1f3b49000-7fb1f3d48000 ---p 008f4000 00:31 2655489                    /home/oanaucs/.eclipse/org.eclipse.platform_4.4.1_1119168579_linux_gtk_x86_64/configuration/org.eclipse.osgi/12/0/.cp/libvp_linux_x86_64.so
7fb1f3d48000-7fb1f3ea8000 rw-p 008f3000 00:31 2655489                    /home/oanaucs/.eclipse/org.eclipse.platform_4.4.1_1119168579_linux_gtk_x86_64/configuration/org.eclipse.osgi/12/0/.cp/libvp_linux_x86_64.so
7fb1f3ea8000-7fb1f3eff000 rw-p 00000000 00:00 0 
7fb1f4000000-7fb1f4021000 rw-p 00000000 00:00 0 
7fb1f4021000-7fb1f8000000 ---p 00000000 00:00 0 
7fb1f8000000-7fb1f8021000 rw-p 00000000 00:00 0 
7fb1f8021000-7fb1fc000000 ---p 00000000 00:00 0 
7fb1fc000000-7fb1fc021000 rw-p 00000000 00:00 0 
7fb1fc021000-7fb200000000 ---p 00000000 00:00 0 
7fb200000000-7fb20003e000 rw-p 00000000 00:00 0 
7fb20003e000-7fb204000000 ---p 00000000 00:00 0 
7fb204000000-7fb2040cd000 rw-p 00000000 00:00 0 
7fb2040cd000-7fb208000000 ---p 00000000 00:00 0 
7fb208000000-7fb208024000 rw-p 00000000 00:00 0 
7fb208024000-7fb20c000000 ---p 00000000 00:00 0 
7fb20c000000-7fb20c07d000 rw-p 00000000 00:00 0 
7fb20c07d000-7fb210000000 ---p 00000000 00:00 0 
7fb210000000-7fb210043000 rw-p 00000000 00:00 0 
7fb210043000-7fb214000000 ---p 00000000 00:00 0 
7fb214000000-7fb2141b3000 rw-p 00000000 00:00 0 
7fb2141b3000-7fb218000000 ---p 00000000 00:00 0 
7fb21801d000-7fb218075000 r--p 00000000 08:05 1967187                    /usr/share/fonts/truetype/ubuntu/Ubuntu-BI.ttf
7fb218075000-7fb2180d4000 r--p 00000000 08:05 1967195                    /usr/share/fonts/truetype/ubuntu/Ubuntu-RI.ttf
7fb2180d4000-7fb2180d7000 ---p 00000000 00:00 0 
7fb2180d7000-7fb2181d5000 rwxp 00000000 00:00 0 
7fb2181d6000-7fb2183d6000 rw-p 00000000 00:00 0 
7fb2183d6000-7fb2185d6000 rw-p 00000000 00:00 0 
7fb2185d6000-7fb2187d6000 rw-p 00000000 00:00 0 
7fb2187d6000-7fb2189d6000 rw-p 00000000 00:00 0 
7fb2189d6000-7fb2189d7000 ---p 00000000 00:00 0 
7fb2189d7000-7fb2191d7000 rwxp 00000000 00:00 0 
7fb2191e9000-7fb2191f1000 r--s 0003a000 08:05 3413371                    /usr/local/cuda-9.0/libnvvp/plugins/org.eclipse.ui_3.106.0.v20140812-1751.jar
7fb2191f1000-7fb219208000 r--s 00130000 08:05 3412534                    /usr/local/cuda-9.0/libnvvp/plugins/org.apache.xerces_2.9.0.v201101211617.jar
7fb219208000-7fb2192a7000 r-xp 00000000 08:05 1054604                    /usr/lib/jvm/java-8-openjdk-amd64/jre/lib/amd64/libawt.so
7fb2192a7000-7fb2194a6000 ---p 0009f000 08:05 1054604                    /usr/lib/jvm/java-8-openjdk-amd64/jre/lib/amd64/libawt.so
7fb2194a6000-7fb2194a7000 r--p 0009e000 08:05 1054604                    /usr/lib/jvm/java-8-openjdk-amd64/jre/lib/amd64/libawt.so
7fb2194a7000-7fb2194b2000 rw-p 0009f000 08:05 1054604                    /usr/lib/jvm/java-8-openjdk-amd64/jre/lib/amd64/libawt.so
7fb2194b2000-7fb2196d7000 rw-p 00000000 00:00 0 
7fb2196d7000-7fb2198d7000 rw-p 00000000 00:00 0 
7fb2198d7000-7fb2198da000 ---p 00000000 00:00 0 
7fb2198da000-7fb2199d8000 rwxp 00000000 00:00 0 
7fb2199d8000-7fb2199f2000 r-xp 00000000 08:05 1311244                    /usr/lib/x86_64-linux-gnu/gio/modules/libgioremote-volume-monitor.so
7fb2199f2000-7fb219bf1000 ---p 0001a000 08:05 1311244                    /usr/lib/x86_64-linux-gnu/gio/modules/libgioremote-volume-monitor.so
7fb219bf1000-7fb219bf4000 r--p 00019000 08:05 1311244                    /usr/lib/x86_64-linux-gnu/gio/modules/libgioremote-volume-monitor.so
7fb219bf4000-7fb219bf5000 rw-p 0001c000 08:05 1311244                    /usr/lib/x86_64-linux-gnu/gio/modules/libgioremote-volume-monitor.so
7fb219bf5000-7fb219df5000 rw-p 00000000 00:00 0 
7fb219df5000-7fb219ff5000 rw-p 00000000 00:00 0 
7fb219ff5000-7fb219ff8000 ---p 00000000 00:00 0 
7fb219ff8000-7fb21a0f6000 rwxp 00000000 00:00 0 
7fb21a0f6000-7fb21a0f9000 ---p 00000000 00:00 0 
7fb21a0f9000-7fb21a1f7000 rwxp 00000000 00:00 0 
7fb21a1f7000-7fb21a3f7000 rw-p 00000000 00:00 0 
7fb21a3f7000-7fb21a457000 rw-s 00000000 00:05 5079058                    /SYSV00000000 (deleted)
7fb21a457000-7fb21bdff000 r-xp 00000000 08:05 1050155                    /usr/lib/x86_64-linux-gnu/libicudata.so.60.2
7fb21bdff000-7fb21bffe000 ---p 019a8000 08:05 1050155                    /usr/lib/x86_64-linux-gnu/libicudata.so.60.2
7fb21bffe000-7fb21bfff000 r--p 019a7000 08:05 1050155                    /usr/lib/x86_64-linux-gnu/libicudata.so.60.2
7fb21bfff000-7fb21c000000 rw-p 019a8000 08:05 1050155                    /usr/lib/x86_64-linux-gnu/libicudata.so.60.2
7fb21c000000-7fb21c2e5000 rw-p 00000000 00:00 0 
7fb21c2e5000-7fb220000000 ---p 00000000 00:00 0 
7fb220003000-7fb220014000 r--s 001a9000 08:05 3412855                    /usr/local/cuda-9.0/libnvvp/plugins/com.lowagie.text_2.1.7.v201004222200.jar
7fb220014000-7fb220027000 r--s 00193000 08:05 3412846                    /usr/local/cuda-9.0/libnvvp/plugins/org.eclipse.birt.chart.engine_4.4.1.v201409160530.jar
7fb220027000-7fb220827000 rw-s 00000000 00:05 5046285                    /SYSV00000000 (deleted)
7fb220827000-7fb2209ca000 r-xp 00000000 08:05 1057001                    /usr/lib/x86_64-linux-gnu/libicuuc.so.60.2
7fb2209ca000-7fb220bc9000 ---p 001a3000 08:05 1057001                    /usr/lib/x86_64-linux-gnu/libicuuc.so.60.2
7fb220bc9000-7fb220bdc000 r--p 001a2000 08:05 1057001                    /usr/lib/x86_64-linux-gnu/libicuuc.so.60.2
7fb220bdc000-7fb220bdd000 rw-p 001b5000 08:05 1057001                    /usr/lib/x86_64-linux-gnu/libicuuc.so.60.2
7fb220bdd000-7fb220bde000 rw-p 00000000 00:00 0 
7fb220bde000-7fb220d94000 r-xp 00000000 08:05 1051926                    /usr/lib/x86_64-linux-gnu/libxml2.so.2.9.4
7fb220d94000-7fb220f94000 ---p 001b6000 08:05 1051926                    /usr/lib/x86_64-linux-gnu/libxml2.so.2.9.4
7fb220f94000-7fb220f9c000 r--p 001b6000 08:05 1051926                    /usr/lib/x86_64-linux-gnu/libxml2.so.2.9.4
7fb220f9c000-7fb220f9e000 rw-p 001be000 08:05 1051926                    /usr/lib/x86_64-linux-gnu/libxml2.so.2.9.4
7fb220f9e000-7fb220f9f000 rw-p 00000000 00:00 0 
7fb220f9f000-7fb220fd6000 r-xp 00000000 08:05 1049947                    /usr/lib/x86_64-linux-gnu/libcroco-0.6.so.3.0.1
7fb220fd6000-7fb2211d6000 ---p 00037000 08:05 1049947                    /usr/lib/x86_64-linux-gnu/libcroco-0.6.so.3.0.1
7fb2211d6000-7fb2211d9000 r--p 00037000 08:05 1049947                    /usr/lib/x86_64-linux-gnu/libcroco-0.6.so.3.0.1
7fb2211d9000-7fb2211da000 rw-p 0003a000 08:05 1049947                    /usr/lib/x86_64-linux-gnu/libcroco-0.6.so.3.0.1
7fb2211da000-7fb221210000 r-xp 00000000 08:05 1049462                    /usr/lib/x86_64-linux-gnu/librsvg-2.so.2.40.20
7fb221210000-7fb221410000 ---p 00036000 08:05 1049462                    /usr/lib/x86_64-linux-gnu/librsvg-2.so.2.40.20
7fb221410000-7fb221411000 r--p 00036000 08:05 1049462                    /usr/lib/x86_64-linux-gnu/librsvg-2.so.2.40.20
7fb221411000-7fb221412000 rw-p 00037000 08:05 1049462                    /usr/lib/x86_64-linux-gnu/librsvg-2.so.2.40.20
7fb221412000-7fb221612000 rw-p 00000000 00:00 0 
7fb221612000-7fb22161d000 r--s 0006b000 08:05 3412525                    /usr/local/cuda-9.0/libnvvp/plugins/org.apache.batik.dom.svg_1.6.0.v201011041432.jar
7fb22161d000-7fb221630000 r--s 000e0000 08:05 3412750                    /usr/local/cuda-9.0/libnvvp/plugins/org.eclipse.jface.text_3.9.1.v20140827-1810.jar
7fb221630000-7fb221638000 r--s 00071000 08:05 3413362                    /usr/local/cuda-9.0/libnvvp/plugins/org.eclipse.rse.files.ui_3.2.200.201403211850.jar
7fb221638000-7fb22163b000 r--s 0000e000 08:05 3413522                    /usr/local/cuda-9.0/libnvvp/plugins/org.eclipse.rse.subsystems.shells.core_3.1.300.201403271554.jar
7fb22163b000-7fb22163d000 r--s 00003000 08:05 3413408                    /usr/local/cuda-9.0/libnvvp/plugins/org.eclipse.rse.subsystems.shells.local_2.1.400.201403100950.jar
7fb22163d000-7fb221645000 r--s 0005c000 08:05 3412533                    /usr/local/cuda-9.0/libnvvp/plugins/org.eclipse.rse.core_3.3.100.201406091451.jar
7fb221646000-7fb221650000 r--s 00076000 08:05 3413520                    /usr/local/cuda-9.0/libnvvp/plugins/org.eclipse.birt.core_4.4.1.v201409160530.jar
7fb221650000-7fb221653000 ---p 00000000 00:00 0 
7fb221653000-7fb221689000 rwxp 00000000 00:00 0 
7fb221689000-7fb221694000 r--s 00084000 08:05 3412717                    /usr/local/cuda-9.0/libnvvp/plugins/org.eclipse.ui.workbench.texteditor_3.9.0.v20140411-1521.jar
7fb221694000-7fb221699000 r--s 0002d000 08:05 3413516                    /usr/local/cuda-9.0/libnvvp/plugins/org.eclipse.core.databinding_1.4.2.v20140729-1044.jar
7fb221699000-7fb22169e000 r--s 00029000 08:05 3412708                    /usr/local/cuda-9.0/libnvvp/plugins/com.nvidia.cuda.ide.remote.connection_9.0.0.201709021113.jar
7fb22169e000-7fb2216a3000 r--s 00045000 08:05 3412762                    /usr/local/cuda-9.0/libnvvp/plugins/org.eclipse.ui.forms_3.6.100.v20140422-1825.jar
7fb2216a3000-7fb2216b6000 r--s 00346000 08:05 1054678                    /usr/lib/jvm/java-8-openjdk-amd64/jre/lib/resources.jar
7fb2216b6000-7fb2216bd000 r--s 00000000 08:05 1314342                    /usr/lib/x86_64-linux-gnu/gconv/gconv-modules.cache
7fb2216bd000-7fb2216c5000 r--s 00050000 08:05 3412887                    /usr/local/cuda-9.0/libnvvp/plugins/org.eclipse.debug.core_3.9.1.v20140805-1629.jar
7fb2216c5000-7fb2216c7000 r-xp 00000000 08:05 1313998                    /usr/lib/x86_64-linux-gnu/gdk-pixbuf-2.0/2.10.0/loaders/libpixbufloader-svg.so
7fb2216c7000-7fb2218c6000 ---p 00002000 08:05 1313998                    /usr/lib/x86_64-linux-gnu/gdk-pixbuf-2.0/2.10.0/loaders/libpixbufloader-svg.so
7fb2218c6000-7fb2218c7000 r--p 00001000 08:05 1313998                    /usr/lib/x86_64-linux-gnu/gdk-pixbuf-2.0/2.10.0/loaders/libpixbufloader-svg.so
7fb2218c7000-7fb2218c8000 rw-p 00002000 08:05 1313998                    /usr/lib/x86_64-linux-gnu/gdk-pixbuf-2.0/2.10.0/loaders/libpixbufloader-svg.so
7fb2218c8000-7fb221ac8000 rw-p 00000000 00:00 0 
7fb221ac8000-7fb221ace000 r-xp 00000000 08:05 1311285                    /usr/lib/x86_64-linux-gnu/gdk-pixbuf-2.0/2.10.0/loaders/libpixbufloader-gif.so
7fb221ace000-7fb221ccd000 ---p 00006000 08:05 1311285                    /usr/lib/x86_64-linux-gnu/gdk-pixbuf-2.0/2.10.0/loaders/libpixbufloader-gif.so
7fb221ccd000-7fb221cce000 r--p 00005000 08:05 1311285                    /usr/lib/x86_64-linux-gnu/gdk-pixbuf-2.0/2.10.0/loaders/libpixbufloader-gif.so
7fb221cce000-7fb221ccf000 rw-p 00006000 08:05 1311285                    /usr/lib/x86_64-linux-gnu/gdk-pixbuf-2.0/2.10.0/loaders/libpixbufloader-gif.so
7fb221ccf000-7fb221ecf000 rw-p 00000000 00:00 0 
7fb221ecf000-7fb2220cf000 rw-p 00000000 00:00 0 
7fb2220cf000-7fb2222cf000 rw-p 00000000 00:00 0 
7fb2222d0000-7fb2222d4000 r--s 0001e000 08:05 3412536                    /usr/local/cuda-9.0/libnvvp/plugins/org.eclipse.rse.subsystems.files.core_3.3.1.201403100950.jar
7fb2222d4000-7fb2222d6000 r--s 00005000 08:05 3412516                    /usr/local/cuda-9.0/libnvvp/plugins/org.eclipse.rse.subsystems.files.local_2.1.300.201403251512.jar
7fb2222d6000-7fb2222dd000 r--s 00068000 08:05 3413497                    /usr/local/cuda-9.0/libnvvp/plugins/org.eclipse.rse.services_3.3.0.201403100950.jar
7fb2222df000-7fb2222e2000 ---p 00000000 00:00 0 
7fb2222e2000-7fb2223e0000 rwxp 00000000 00:00 0 
7fb2223e0000-7fb2223e3000 ---p 00000000 00:00 0 
7fb2223e3000-7fb2224e1000 rwxp 00000000 00:00 0 
7fb2224e1000-7fb2224e3000 r--s 00014000 08:05 3412843                    /usr/local/cuda-9.0/libnvvp/plugins/org.eclipse.core.expressions_3.4.600.v20140128-0851.jar
7fb2224e5000-7fb2224e6000 r--s 00003000 08:05 3412518                    /usr/local/cuda-9.0/libnvvp/plugins/org.eclipse.rse.connectorservice.local_2.1.400.201403100950.jar
7fb2224e6000-7fb2224e9000 r--s 0001a000 08:05 3413417                    /usr/local/cuda-9.0/libnvvp/plugins/org.eclipse.equinox.p2.metadata.repository_1.2.100.v20131209-2144.jar
7fb2224e9000-7fb2224ed000 r--s 0001c000 08:05 3413508                    /usr/local/cuda-9.0/libnvvp/plugins/org.eclipse.equinox.p2.repository_2.3.0.v20131211-1531.jar
7fb2224ed000-7fb2224f4000 r--s 0004c000 08:05 3412707                    /usr/local/cuda-9.0/libnvvp/plugins/org.eclipse.equinox.p2.metadata_2.2.0.v20131211-1531.jar
7fb2224f4000-7fb2224f8000 r--s 0002e000 08:05 3413495                    /usr/local/cuda-9.0/libnvvp/plugins/org.eclipse.equinox.p2.engine_2.3.0.v20140506-1720.jar
7fb2224fd000-7fb222501000 r--s 00019000 08:05 3413403                    /usr/local/cuda-9.0/libnvvp/plugins/org.eclipse.equinox.p2.ui.sdk.scheduler_1.2.0.v20140422-1847.jar
7fb222501000-7fb222504000 r--s 0000f000 08:05 3412712                    /usr/local/cuda-9.0/libnvvp/plugins/com.nvidia.common_9.0.0.201709021113.jar
7fb222504000-7fb222505000 r--s 00005000 08:05 3412869                    /usr/local/cuda-9.0/libnvvp/plugins/org.eclipse.nebula.widgets.pshelf_1.0.0.201709021113.jar
7fb222505000-7fb22250b000 r--p 00000000 08:05 2359321                    /usr/share/icons/hicolor/icon-theme.cache
7fb22250b000-7fb222514000 r--p 00000000 08:05 2362396                    /usr/share/icons/Adwaita/icon-theme.cache
7fb222514000-7fb222564000 r--p 00000000 08:05 2362467                    /usr/share/icons/Humanity/icon-theme.cache
7fb222564000-7fb22256b000 r--p 00000000 08:05 2362468                    /usr/share/icons/Humanity-Dark/icon-theme.cache
7fb22256b000-7fb222579000 r--p 00000000 08:05 2362471                    /usr/share/icons/ubuntu-mono-dark/icon-theme.cache
7fb222579000-7fb222583000 r--s 00082000 08:05 3412863                    /usr/local/cuda-9.0/libnvvp/plugins/org.eclipse.draw2d_3.9.101.201408150207.jar
7fb222583000-7fb2225d5000 r--p 00000000 08:05 1967186                    /usr/share/fonts/truetype/ubuntu/Ubuntu-B.ttf
7fb2225dc000-7fb2225de000 r--s 0000b000 08:05 3413376                    /usr/local/cuda-9.0/libnvvp/plugins/org.eclipse.e4.ui.bindings_0.10.200.v20140424-2042.jar
7fb2225e0000-7fb2225e9000 r--s 000d3000 08:05 3412714                    /usr/local/cuda-9.0/libnvvp/plugins/org.mozilla.javascript_1.7.2.v201005080400.jar
7fb2225e9000-7fb2225ec000 ---p 00000000 00:00 0 
7fb2225ec000-7fb2226ea000 rwxp 00000000 00:00 0 
7fb2226ea000-7fb2226f1000 r--s 00051000 08:05 3412778                    /usr/local/cuda-9.0/libnvvp/plugins/org.eclipse.e4.ui.workbench.renderers.swt_0.12.1.v20140903-1023.jar
7fb2226f1000-7fb2228f1000 rw-p 00000000 00:00 0 
7fb2228f1000-7fb2228f3000 r-xp 00000000 00:31 2655410                    /home/oanaucs/.eclipse/org.eclipse.platform_4.4.1_1119168579_linux_gtk_x86_64/configuration/org.eclipse.osgi/85/0/.cp/os/linux/x86_64/libunixfile_1_0_0.so
7fb2228f3000-7fb2229f2000 ---p 00002000 00:31 2655410                    /home/oanaucs/.eclipse/org.eclipse.platform_4.4.1_1119168579_linux_gtk_x86_64/configuration/org.eclipse.osgi/85/0/.cp/os/linux/x86_64/libunixfile_1_0_0.so
7fb2229f2000-7fb2229f3000 rw-p 00001000 00:31 2655410                    /home/oanaucs/.eclipse/org.eclipse.platform_4.4.1_1119168579_linux_gtk_x86_64/configuration/org.eclipse.osgi/85/0/.cp/os/linux/x86_64/libunixfile_1_0_0.so
7fb2229f3000-7fb222bf3000 rw-p 00000000 00:00 0 
7fb222bf3000-7fb222df3000 rw-p 00000000 00:00 0 
7fb222df3000-7fb222dfd000 r-xp 00000000 00:31 2655405                    /home/oanaucs/.eclipse/org.eclipse.platform_4.4.1_1119168579_linux_gtk_x86_64/configuration/org.eclipse.osgi/232/0/.cp/libswt-atk-gtk-4430.so
7fb222dfd000-7fb222ffd000 ---p 0000a000 00:31 2655405                    /home/oanaucs/.eclipse/org.eclipse.platform_4.4.1_1119168579_linux_gtk_x86_64/configuration/org.eclipse.osgi/232/0/.cp/libswt-atk-gtk-4430.so
7fb222ffd000-7fb222ffe000 rw-p 0000a000 00:31 2655405                    /home/oanaucs/.eclipse/org.eclipse.platform_4.4.1_1119168579_linux_gtk_x86_64/configuration/org.eclipse.osgi/232/0/.cp/libswt-atk-gtk-4430.so
7fb222ffe000-7fb222fff000 ---p 00000000 00:00 0 
7fb222fff000-7fb2237ff000 rwxp 00000000 00:00 0 
7fb2238f9000-7fb2238fc000 ---p 00000000 00:00 0 
7fb2238fc000-7fb2239fa000 rwxp 00000000 00:00 0 
7fb2239fc000-7fb2239ff000 ---p 00000000 00:00 0 
7fb2239ff000-7fb223afd000 rwxp 00000000 00:00 0 
7fb223afd000-7fb223b00000 ---p 00000000 00:00 0 
7fb223b00000-7fb223bfe000 rwxp 00000000 00:00 0 
7fb223bfe000-7fb223c01000 ---p 00000000 00:00 0 
7fb223c01000-7fb223cff000 rwxp 00000000 00:00 0 
7fb223cff000-7fb223eff000 rw-p 00000000 00:00 0 
7fb223eff000-7fb223f02000 ---p 00000000 00:00 0 
7fb223f02000-7fb224000000 rwxp 00000000 00:00 0 
7fb224000000-7fb224021000 rw-p 00000000 00:00 0 
7fb224021000-7fb228000000 ---p 00000000 00:00 0 
7fb228000000-7fb228107000 rw-p 00000000 00:00 0 
7fb228107000-7fb22c000000 ---p 00000000 00:00 0 
7fb22c000000-7fb22c021000 rw-p 00000000 00:00 0 
7fb22c021000-7fb230000000 ---p 00000000 00:00 0 
7fb230000000-7fb23003a000 rw-p 00000000 00:00 0 
7fb23003a000-7fb234000000 ---p 00000000 00:00 0 
7fb234000000-7fb23419a000 rw-p 00000000 00:00 0 
7fb23419a000-7fb238000000 ---p 00000000 00:00 0 
7fb238000000-7fb238021000 rw-p 00000000 00:00 0 
7fb238021000-7fb23c000000 ---p 00000000 00:00 0 
7fb23c000000-7fb23c04c000 rw-p 00000000 00:00 0 
7fb23c04c000-7fb240000000 ---p 00000000 00:00 0 
7fb240000000-7fb24014c000 rw-p 00000000 00:00 0 
7fb24014c000-7fb244000000 ---p 00000000 00:00 0 
7fb244000000-7fb244021000 rw-p 00000000 00:00 0 
7fb244021000-7fb248000000 ---p 00000000 00:00 0 
7fb248005000-7fb248010000 r--s 000c1000 08:05 3413503                    /usr/local/cuda-9.0/libnvvp/plugins/org.eclipse.core.resources_3.9.1.v20140825-1431.jar
7fb248010000-7fb248022000 r--s 00111000 08:05 3413374                    /usr/local/cuda-9.0/libnvvp/plugins/org.eclipse.emf.ecore_2.10.1.v20140901-1043.jar
7fb248022000-7fb248025000 r--s 00017000 08:05 3413410                    /usr/local/cuda-9.0/libnvvp/plugins/org.eclipse.ui.views.properties.tabbed_3.6.0.v20140519-0906.jar
7fb248029000-7fb248034000 r--s 00078000 08:05 3412885                    /usr/local/cuda-9.0/libnvvp/plugins/org.apache.batik.bridge_1.6.0.v201011041432.jar
7fb24803a000-7fb24803f000 r--s 0002c000 08:05 3412694                    /usr/local/cuda-9.0/libnvvp/plugins/org.eclipse.e4.ui.css.swt_0.11.101.v20140818-1343.jar
7fb248041000-7fb248046000 r--s 00011000 08:05 3412893                    /usr/local/cuda-9.0/libnvvp/plugins/org.w3c.dom.svg_1.1.0.v201011041433.jar
7fb248046000-7fb248049000 r--s 00015000 08:05 3412896                    /usr/local/cuda-9.0/libnvvp/plugins/org.eclipse.ui.views_3.7.0.v20140408-0703.jar
7fb248049000-7fb24804d000 r--s 00035000 08:05 3413487                    /usr/local/cuda-9.0/libnvvp/plugins/org.eclipse.emf.ecore.xmi_2.10.1.v20140901-1043.jar
7fb24804d000-7fb248051000 r--s 00028000 08:05 3412854                    /usr/local/cuda-9.0/libnvvp/plugins/org.eclipse.ui.console_3.5.300.v20140424-1437.jar
7fb248051000-7fb248054000 r--s 00013000 08:05 3412892                    /usr/local/cuda-9.0/libnvvp/plugins/org.apache.batik.transcoder_1.6.0.v201011041432.jar
7fb248054000-7fb248057000 r--s 00022000 08:05 3412517                    /usr/local/cuda-9.0/libnvvp/plugins/org.apache.batik.util_1.7.0.v201011041433.jar
7fb248057000-7fb24805c000 r--s 00037000 08:05 3413519                    /usr/local/cuda-9.0/libnvvp/plugins/org.eclipse.birt.report.data.adapter_4.4.1.v201408290142.jar
7fb24805c000-7fb24807e000 r--s 001d5000 08:05 3412696                    /usr/local/cuda-9.0/libnvvp/plugins/org.eclipse.birt.data_4.4.1.v201409160530.jar
7fb24807e000-7fb248098000 r--s 0017f000 08:05 3413418                    /usr/local/cuda-9.0/libnvvp/plugins/org.eclipse.rse.ui_3.3.100.201404091417.jar
7fb248098000-7fb24809c000 r--s 00019000 08:05 3412690                    /usr/local/cuda-9.0/libnvvp/plugins/org.apache.batik.dom_1.6.0.v201011041432.jar
7fb24809c000-7fb2480a2000 r--s 00042000 08:05 3413409                    /usr/local/cuda-9.0/libnvvp/plugins/org.eclipse.birt.chart.reportitem_4.4.1.v201408290142.jar
7fb2480a2000-7fb24814f000 r--p 00000000 08:05 1966811                    /usr/share/fonts/truetype/dejavu/DejaVuSans-Bold.ttf
7fb24814f000-7fb248150000 ---p 00000000 00:00 0 
7fb248150000-7fb248950000 rwxp 00000000 00:00 0 
7fb248950000-7fb248951000 ---p 00000000 00:00 0 
7fb248951000-7fb249151000 rwxp 00000000 00:00 0 
7fb249151000-7fb249187000 r-xp 00000000 08:05 1311251                    /usr/lib/x86_64-linux-gnu/gvfs/libgvfscommon.so
7fb249187000-7fb249387000 ---p 00036000 08:05 1311251                    /usr/lib/x86_64-linux-gnu/gvfs/libgvfscommon.so
7fb249387000-7fb24938d000 r--p 00036000 08:05 1311251                    /usr/lib/x86_64-linux-gnu/gvfs/libgvfscommon.so
7fb24938d000-7fb24938e000 rw-p 0003c000 08:05 1311251                    /usr/lib/x86_64-linux-gnu/gvfs/libgvfscommon.so
7fb24938e000-7fb2493bf000 r-xp 00000000 08:05 1311245                    /usr/lib/x86_64-linux-gnu/gio/modules/libgvfsdbus.so
7fb2493bf000-7fb2495bf000 ---p 00031000 08:05 1311245                    /usr/lib/x86_64-linux-gnu/gio/modules/libgvfsdbus.so
7fb2495bf000-7fb2495c1000 r--p 00031000 08:05 1311245                    /usr/lib/x86_64-linux-gnu/gio/modules/libgvfsdbus.so
7fb2495c1000-7fb2495c2000 rw-p 00033000 08:05 1311245                    /usr/lib/x86_64-linux-gnu/gio/modules/libgvfsdbus.so
7fb2495c2000-7fb249626000 r-xp 00000000 08:05 1052855                    /usr/lib/x86_64-linux-gnu/libibus-1.0.so.5.0.517
7fb249626000-7fb249826000 ---p 00064000 08:05 1052855                    /usr/lib/x86_64-linux-gnu/libibus-1.0.so.5.0.517
7fb249826000-7fb249828000 r--p 00064000 08:05 1052855                    /usr/lib/x86_64-linux-gnu/libibus-1.0.so.5.0.517
7fb249828000-7fb249829000 rw-p 00066000 08:05 1052855                    /usr/lib/x86_64-linux-gnu/libibus-1.0.so.5.0.517
7fb249829000-7fb24982c000 r--s 00018000 08:05 3413518                    /usr/local/cuda-9.0/libnvvp/plugins/org.apache.batik.util_1.6.0.v201011041432.jar
7fb24982c000-7fb249830000 r--s 00021000 08:05 3412868                    /usr/local/cuda-9.0/libnvvp/plugins/org.eclipse.ui.externaltools_3.2.300.v20140327-1949.jar
7fb249831000-7fb249833000 r--s 00005000 08:05 3412797                    /usr/local/cuda-9.0/libnvvp/plugins/org.eclipse.e4.core.commands_0.10.2.v20140424-2344.jar
7fb249833000-7fb249835000 r--s 00005000 08:05 3413351                    /usr/local/cuda-9.0/libnvvp/plugins/org.eclipse.e4.ui.services_1.1.0.v20140328-1925.jar
7fb249835000-7fb249838000 r--s 00011000 08:05 3412784                    /usr/local/cuda-9.0/libnvvp/plugins/org.eclipse.equinox.util_1.0.500.v20130404-1337.jar
7fb249839000-7fb24983e000 r--s 00029000 08:05 3413359                    /usr/local/cuda-9.0/libnvvp/plugins/org.eclipse.e4.ui.workbench.swt_0.12.100.v20140530-1436.jar
7fb24983e000-7fb249846000 r--s 00041000 08:05 3413413                    /usr/local/cuda-9.0/libnvvp/plugins/org.eclipse.core.databinding.observable_1.4.1.v20140210-1835.jar
7fb249846000-7fb24984e000 r--s 0003c000 08:05 3412532                    /usr/local/cuda-9.0/libnvvp/plugins/org.eclipse.jface.databinding_1.6.200.v20140528-1422.jar
7fb24984e000-7fb249854000 r-xp 00000000 08:05 1313197                    /usr/lib/x86_64-linux-gnu/gtk-2.0/2.10.0/immodules/im-ibus.so
7fb249854000-7fb249a54000 ---p 00006000 08:05 1313197                    /usr/lib/x86_64-linux-gnu/gtk-2.0/2.10.0/immodules/im-ibus.so
7fb249a54000-7fb249a55000 r--p 00006000 08:05 1313197                    /usr/lib/x86_64-linux-gnu/gtk-2.0/2.10.0/immodules/im-ibus.so
7fb249a55000-7fb249a56000 rw-p 00007000 08:05 1313197                    /usr/lib/x86_64-linux-gnu/gtk-2.0/2.10.0/immodules/im-ibus.so
7fb249a56000-7fb249a5b000 r-xp 00000000 08:05 1311289                    /usr/lib/x86_64-linux-gnu/gdk-pixbuf-2.0/2.10.0/loaders/libpixbufloader-png.so
7fb249a5b000-7fb249c5a000 ---p 00005000 08:05 1311289                    /usr/lib/x86_64-linux-gnu/gdk-pixbuf-2.0/2.10.0/loaders/libpixbufloader-png.so
7fb249c5a000-7fb249c5b000 r--p 00004000 08:05 1311289                    /usr/lib/x86_64-linux-gnu/gdk-pixbuf-2.0/2.10.0/loaders/libpixbufloader-png.so
7fb249c5b000-7fb249c5c000 rw-p 00005000 08:05 1311289                    /usr/lib/x86_64-linux-gnu/gdk-pixbuf-2.0/2.10.0/loaders/libpixbufloader-png.so
7fb249c5c000-7fb249cb0000 r--p 00000000 08:05 1966814                    /usr/share/fonts/truetype/dejavu/DejaVuSansMono.ttf
7fb249cb0000-7fb249d07000 r--p 00000000 08:05 1967193                    /usr/share/fonts/truetype/ubuntu/Ubuntu-R.ttf
7fb249d07000-7fb249d10000 r-xp 00000000 00:31 2655374                    /home/oanaucs/.eclipse/org.eclipse.platform_4.4.1_1119168579_linux_gtk_x86_64/configuration/org.eclipse.osgi/232/0/.cp/libswt-cairo-gtk-4430.so
7fb249d10000-7fb249f10000 ---p 00009000 00:31 2655374                    /home/oanaucs/.eclipse/org.eclipse.platform_4.4.1_1119168579_linux_gtk_x86_64/configuration/org.eclipse.osgi/232/0/.cp/libswt-cairo-gtk-4430.so
7fb249f10000-7fb249f11000 rw-p 00009000 00:31 2655374                    /home/oanaucs/.eclipse/org.eclipse.platform_4.4.1_1119168579_linux_gtk_x86_64/configuration/org.eclipse.osgi/232/0/.cp/libswt-cairo-gtk-4430.so
7fb249f11000-7fb249f16000 r-xp 00000000 08:05 1051957                    /usr/lib/x86_64-linux-gnu/libXtst.so.6.1.0
7fb249f16000-7fb24a115000 ---p 00005000 08:05 1051957                    /usr/lib/x86_64-linux-gnu/libXtst.so.6.1.0
7fb24a115000-7fb24a116000 r--p 00004000 08:05 1051957                    /usr/lib/x86_64-linux-gnu/libXtst.so.6.1.0
7fb24a116000-7fb24a117000 rw-p 00005000 08:05 1051957                    /usr/lib/x86_64-linux-gnu/libXtst.so.6.1.0
7fb24a117000-7fb24a118000 r-xp 00000000 08:05 1055191                    /usr/lib/x86_64-linux-gnu/libgthread-2.0.so.0.5600.4
7fb24a118000-7fb24a317000 ---p 00001000 08:05 1055191                    /usr/lib/x86_64-linux-gnu/libgthread-2.0.so.0.5600.4
7fb24a317000-7fb24a318000 r--p 00000000 08:05 1055191                    /usr/lib/x86_64-linux-gnu/libgthread-2.0.so.0.5600.4
7fb24a318000-7fb24a319000 rw-p 00001000 08:05 1055191                    /usr/lib/x86_64-linux-gnu/libgthread-2.0.so.0.5600.4
7fb24a319000-7fb24a38d000 r-xp 00000000 00:31 2655372                    /home/oanaucs/.eclipse/org.eclipse.platform_4.4.1_1119168579_linux_gtk_x86_64/configuration/org.eclipse.osgi/232/0/.cp/libswt-pi-gtk-4430.so
7fb24a38d000-7fb24a58d000 ---p 00074000 00:31 2655372                    /home/oanaucs/.eclipse/org.eclipse.platform_4.4.1_1119168579_linux_gtk_x86_64/configuration/org.eclipse.osgi/232/0/.cp/libswt-pi-gtk-4430.so
7fb24a58d000-7fb24a590000 rw-p 00074000 00:31 2655372                    /home/oanaucs/.eclipse/org.eclipse.platform_4.4.1_1119168579_linux_gtk_x86_64/configuration/org.eclipse.osgi/232/0/.cp/libswt-pi-gtk-4430.so
7fb24a590000-7fb24a592000 rw-p 00000000 00:00 0 
7fb24a592000-7fb24a610000 r-xp 00000000 00:31 2655370                    /home/oanaucs/.eclipse/org.eclipse.platform_4.4.1_1119168579_linux_gtk_x86_64/configuration/org.eclipse.osgi/232/0/.cp/libswt-gtk-4430.so
7fb24a610000-7fb24a80f000 ---p 0007e000 00:31 2655370                    /home/oanaucs/.eclipse/org.eclipse.platform_4.4.1_1119168579_linux_gtk_x86_64/configuration/org.eclipse.osgi/232/0/.cp/libswt-gtk-4430.so
7fb24a80f000-7fb24a817000 rw-p 0007d000 00:31 2655370                    /home/oanaucs/.eclipse/org.eclipse.platform_4.4.1_1119168579_linux_gtk_x86_64/configuration/org.eclipse.osgi/232/0/.cp/libswt-gtk-4430.so
7fb24a817000-7fb24aa19000 rw-p 00000000 00:00 0 
7fb24aa19000-7fb24ac19000 rw-p 00000000 00:00 0 
7fb24ac19000-7fb24ac1c000 ---p 00000000 00:00 0 
7fb24ac1c000-7fb24ad1a000 rwxp 00000000 00:00 0 
7fb24ad1a000-7fb24ad1d000 ---p 00000000 00:00 0 
7fb24ad1d000-7fb24ae1b000 rwxp 00000000 00:00 0 
7fb24ae1b000-7fb24b01b000 rw-p 00000000 00:00 0 
7fb24b01b000-7fb24b01e000 ---p 00000000 00:00 0 
7fb24b01e000-7fb24b11c000 rwxp 00000000 00:00 0 
7fb24b11c000-7fb24b11f000 ---p 00000000 00:00 0 
7fb24b11f000-7fb24b21d000 rwxp 00000000 00:00 0 
7fb24b21d000-7fb24b41d000 rw-p 00000000 00:00 0 
7fb24b41d000-7fb24b42e000 r-xp 00000000 08:05 1054627                    /usr/lib/jvm/java-8-openjdk-amd64/jre/lib/amd64/libnio.so
7fb24b42e000-7fb24b62d000 ---p 00011000 08:05 1054627                    /usr/lib/jvm/java-8-openjdk-amd64/jre/lib/amd64/libnio.so
7fb24b62d000-7fb24b62e000 r--p 00010000 08:05 1054627                    /usr/lib/jvm/java-8-openjdk-amd64/jre/lib/amd64/libnio.so
7fb24b62e000-7fb24b62f000 rw-p 00011000 08:05 1054627                    /usr/lib/jvm/java-8-openjdk-amd64/jre/lib/amd64/libnio.so
7fb24b62f000-7fb24b645000 r-xp 00000000 08:05 1054626                    /usr/lib/jvm/java-8-openjdk-amd64/jre/lib/amd64/libnet.so
7fb24b645000-7fb24b844000 ---p 00016000 08:05 1054626                    /usr/lib/jvm/java-8-openjdk-amd64/jre/lib/amd64/libnet.so
7fb24b844000-7fb24b845000 r--p 00015000 08:05 1054626                    /usr/lib/jvm/java-8-openjdk-amd64/jre/lib/amd64/libnet.so
7fb24b845000-7fb24b846000 rw-p 00016000 08:05 1054626                    /usr/lib/jvm/java-8-openjdk-amd64/jre/lib/amd64/libnet.so
7fb24b846000-7fb24b849000 r-xp 00000000 08:05 1311284                    /usr/lib/x86_64-linux-gnu/gdk-pixbuf-2.0/2.10.0/loaders/libpixbufloader-bmp.so
7fb24b849000-7fb24ba49000 ---p 00003000 08:05 1311284                    /usr/lib/x86_64-linux-gnu/gdk-pixbuf-2.0/2.10.0/loaders/libpixbufloader-bmp.so
7fb24ba49000-7fb24ba4a000 r--p 00003000 08:05 1311284                    /usr/lib/x86_64-linux-gnu/gdk-pixbuf-2.0/2.10.0/loaders/libpixbufloader-bmp.so
7fb24ba4a000-7fb24ba4b000 rw-p 00004000 08:05 1311284                    /usr/lib/x86_64-linux-gnu/gdk-pixbuf-2.0/2.10.0/loaders/libpixbufloader-bmp.so
7fb24ba4b000-7fb24ba52000 r-xp 00000000 08:05 1058007                    /usr/lib/x86_64-linux-gnu/libogg.so.0.8.2
7fb24ba52000-7fb24bc52000 ---p 00007000 08:05 1058007                    /usr/lib/x86_64-linux-gnu/libogg.so.0.8.2
7fb24bc52000-7fb24bc53000 r--p 00007000 08:05 1058007                    /usr/lib/x86_64-linux-gnu/libogg.so.0.8.2
7fb24bc53000-7fb24bc54000 rw-p 00008000 08:05 1058007                    /usr/lib/x86_64-linux-gnu/libogg.so.0.8.2
7fb24bc54000-7fb24bc7e000 r-xp 00000000 08:05 1052542                    /usr/lib/x86_64-linux-gnu/libvorbis.so.0.4.8
7fb24bc7e000-7fb24be7d000 ---p 0002a000 08:05 1052542                    /usr/lib/x86_64-linux-gnu/libvorbis.so.0.4.8
7fb24be7d000-7fb24be7e000 r--p 00029000 08:05 1052542                    /usr/lib/x86_64-linux-gnu/libvorbis.so.0.4.8
7fb24be7e000-7fb24be7f000 rw-p 0002a000 08:05 1052542                    /usr/lib/x86_64-linux-gnu/libvorbis.so.0.4.8
7fb24be7f000-7fb24be88000 r-xp 00000000 08:05 1056479                    /usr/lib/x86_64-linux-gnu/libltdl.so.7.3.1
7fb24be88000-7fb24c087000 ---p 00009000 08:05 1056479                    /usr/lib/x86_64-linux-gnu/libltdl.so.7.3.1
7fb24c087000-7fb24c088000 r--p 00008000 08:05 1056479                    /usr/lib/x86_64-linux-gnu/libltdl.so.7.3.1
7fb24c088000-7fb24c089000 rw-p 00009000 08:05 1056479                    /usr/lib/x86_64-linux-gnu/libltdl.so.7.3.1
7fb24c089000-7fb24c09e000 r-xp 00000000 08:05 1056492                    /usr/lib/x86_64-linux-gnu/libtdb.so.1.3.15
7fb24c09e000-7fb24c29d000 ---p 00015000 08:05 1056492                    /usr/lib/x86_64-linux-gnu/libtdb.so.1.3.15
7fb24c29d000-7fb24c29e000 r--p 00014000 08:05 1056492                    /usr/lib/x86_64-linux-gnu/libtdb.so.1.3.15
7fb24c29e000-7fb24c29f000 rw-p 00015000 08:05 1056492                    /usr/lib/x86_64-linux-gnu/libtdb.so.1.3.15
7fb24c29f000-7fb24c2a6000 r-xp 00000000 08:05 1056473                    /usr/lib/x86_64-linux-gnu/libvorbisfile.so.3.3.7
7fb24c2a6000-7fb24c4a5000 ---p 00007000 08:05 1056473                    /usr/lib/x86_64-linux-gnu/libvorbisfile.so.3.3.7
7fb24c4a5000-7fb24c4a6000 r--p 00006000 08:05 1056473                    /usr/lib/x86_64-linux-gnu/libvorbisfile.so.3.3.7
7fb24c4a6000-7fb24c4a7000 rw-p 00007000 08:05 1056473                    /usr/lib/x86_64-linux-gnu/libvorbisfile.so.3.3.7
7fb24c4a7000-7fb24c4b7000 r-xp 00000000 08:05 1057566                    /usr/lib/x86_64-linux-gnu/libcanberra.so.0.2.5
7fb24c4b7000-7fb24c6b7000 ---p 00010000 08:05 1057566                    /usr/lib/x86_64-linux-gnu/libcanberra.so.0.2.5
7fb24c6b7000-7fb24c6b8000 r--p 00010000 08:05 1057566                    /usr/lib/x86_64-linux-gnu/libcanberra.so.0.2.5
7fb24c6b8000-7fb24c6b9000 rw-p 00011000 08:05 1057566                    /usr/lib/x86_64-linux-gnu/libcanberra.so.0.2.5
7fb24c6b9000-7fb24c6bd000 r-xp 00000000 08:05 1049224                    /usr/lib/x86_64-linux-gnu/libcanberra-gtk.so.0.1.9
7fb24c6bd000-7fb24c8bc000 ---p 00004000 08:05 1049224                    /usr/lib/x86_64-linux-gnu/libcanberra-gtk.so.0.1.9
7fb24c8bc000-7fb24c8bd000 r--p 00003000 08:05 1049224                    /usr/lib/x86_64-linux-gnu/libcanberra-gtk.so.0.1.9
7fb24c8bd000-7fb24c8be000 rw-p 00004000 08:05 1049224                    /usr/lib/x86_64-linux-gnu/libcanberra-gtk.so.0.1.9
7fb24c8be000-7fb24c8c3000 r-xp 00000000 08:05 1313227                    /usr/lib/x86_64-linux-gnu/gtk-2.0/modules/libcanberra-gtk-module.so
7fb24c8c3000-7fb24cac3000 ---p 00005000 08:05 1313227                    /usr/lib/x86_64-linux-gnu/gtk-2.0/modules/libcanberra-gtk-module.so
7fb24cac3000-7fb24cac4000 r--p 00005000 08:05 1313227                    /usr/lib/x86_64-linux-gnu/gtk-2.0/modules/libcanberra-gtk-module.so
7fb24cac4000-7fb24cac5000 rw-p 00006000 08:05 1313227                    /usr/lib/x86_64-linux-gnu/gtk-2.0/modules/libcanberra-gtk-module.so
7fb24cac5000-7fb24caff000 r-xp 00000000 08:05 1313196                    /usr/lib/x86_64-linux-gnu/gtk-2.0/2.10.0/engines/libmurrine.so
7fb24caff000-7fb24ccff000 ---p 0003a000 08:05 1313196                    /usr/lib/x86_64-linux-gnu/gtk-2.0/2.10.0/engines/libmurrine.so
7fb24ccff000-7fb24cd00000 r--p 0003a000 08:05 1313196                    /usr/lib/x86_64-linux-gnu/gtk-2.0/2.10.0/engines/libmurrine.so
7fb24cd00000-7fb24cd01000 rw-p 0003b000 08:05 1313196                    /usr/lib/x86_64-linux-gnu/gtk-2.0/2.10.0/engines/libmurrine.so
7fb24cd01000-7fb24cd15000 r-xp 00000000 08:05 4588350                    /lib/x86_64-linux-gnu/libgpg-error.so.0.22.0
7fb24cd15000-7fb24cf14000 ---p 00014000 08:05 4588350                    /lib/x86_64-linux-gnu/libgpg-error.so.0.22.0
7fb24cf14000-7fb24cf15000 r--p 00013000 08:05 4588350                    /lib/x86_64-linux-gnu/libgpg-error.so.0.22.0
7fb24cf15000-7fb24cf16000 rw-p 00014000 08:05 4588350                    /lib/x86_64-linux-gnu/libgpg-error.so.0.22.0
7fb24cf16000-7fb24d02a000 r-xp 00000000 08:05 4589042                    /lib/x86_64-linux-gnu/libgcrypt.so.20.2.1
7fb24d02a000-7fb24d229000 ---p 00114000 08:05 4589042                    /lib/x86_64-linux-gnu/libgcrypt.so.20.2.1
7fb24d229000-7fb24d22b000 r--p 00113000 08:05 4589042                    /lib/x86_64-linux-gnu/libgcrypt.so.20.2.1
7fb24d22b000-7fb24d230000 rw-p 00115000 08:05 4589042                    /lib/x86_64-linux-gnu/libgcrypt.so.20.2.1
7fb24d230000-7fb24d231000 rw-p 00000000 00:00 0 
7fb24d231000-7fb24d24c000 r-xp 00000000 08:05 1058539                    /usr/lib/x86_64-linux-gnu/liblz4.so.1.7.1
7fb24d24c000-7fb24d44b000 ---p 0001b000 08:05 1058539                    /usr/lib/x86_64-linux-gnu/liblz4.so.1.7.1
7fb24d44b000-7fb24d44c000 r--p 0001a000 08:05 1058539                    /usr/lib/x86_64-linux-gnu/liblz4.so.1.7.1
7fb24d44c000-7fb24d44d000 rw-p 0001b000 08:05 1058539                    /usr/lib/x86_64-linux-gnu/liblz4.so.1.7.1
7fb24d44d000-7fb24d471000 r-xp 00000000 08:05 4587883                    /lib/x86_64-linux-gnu/liblzma.so.5.2.2
7fb24d471000-7fb24d671000 ---p 00024000 08:05 4587883                    /lib/x86_64-linux-gnu/liblzma.so.5.2.2
7fb24d671000-7fb24d672000 r--p 00024000 08:05 4587883                    /lib/x86_64-linux-gnu/liblzma.so.5.2.2
7fb24d672000-7fb24d673000 rw-p 00025000 08:05 4587883                    /lib/x86_64-linux-gnu/liblzma.so.5.2.2
7fb24d673000-7fb24d6f3000 r-xp 00000000 08:05 4587572                    /lib/x86_64-linux-gnu/libsystemd.so.0.21.0
7fb24d6f3000-7fb24d8f2000 ---p 00080000 08:05 4587572                    /lib/x86_64-linux-gnu/libsystemd.so.0.21.0
7fb24d8f2000-7fb24d8f5000 r--p 0007f000 08:05 4587572                    /lib/x86_64-linux-gnu/libsystemd.so.0.21.0
7fb24d8f5000-7fb24d8f6000 rw-p 